<?xml version="1.0" encoding="UTF-8"?>
<robot generator="Robot 7.4.1 (Python 3.13.12 on win32)" generated="2026-02-17T22:17:07.312894" rpa="false" schemaversion="5">
<suite id="s1" name="Test4" source="C:\Users\Dom\Downloads\Test\test report\Review Success without comment and image\test4.robot">
<test id="s1-t1" name="Review Success without comment and image:" line="20">
<kw name="Open Browser" owner="SeleniumLibrary">
<msg time="2026-02-17T22:17:07.497341" level="INFO">Opening browser 'Edge' to base url 'https://csse1569.cpkku.com/'.</msg>
<arg>${TEST_URL}</arg>
<arg>${BROWSER}</arg>
<doc>Opens a new browser instance to the optional ``url``.</doc>
<status status="PASS" start="2026-02-17T22:17:07.497094" elapsed="2.375089"/>
</kw>
<kw name="Maximize Browser Window" owner="SeleniumLibrary">
<doc>Maximizes current browser window.</doc>
<status status="PASS" start="2026-02-17T22:17:09.872667" elapsed="0.037390"/>
</kw>
<kw name="Wait Until Element Is Visible" owner="SeleniumLibrary">
<arg>css=a[href="/login"]</arg>
<arg>15s</arg>
<doc>Waits until the element ``locator`` is visible.</doc>
<status status="PASS" start="2026-02-17T22:17:09.910814" elapsed="0.018327"/>
</kw>
<kw name="Click Element" owner="SeleniumLibrary">
<msg time="2026-02-17T22:17:09.930002" level="INFO">Clicking element 'css=a[href="/login"]'.</msg>
<arg>css=a[href="/login"]</arg>
<doc>Click the element identified by ``locator``.</doc>
<status status="PASS" start="2026-02-17T22:17:09.929693" elapsed="0.104831"/>
</kw>
<kw name="Sleep" owner="BuiltIn">
<msg time="2026-02-17T22:17:10.336145" level="INFO">Slept 300 milliseconds.</msg>
<arg>0.3 seconds</arg>
<doc>Pauses the test executed for the given time.</doc>
<status status="PASS" start="2026-02-17T22:17:10.035030" elapsed="0.301240"/>
</kw>
<kw name="Page Should Contain" owner="SeleniumLibrary">
<msg time="2026-02-17T22:17:10.351252" level="INFO">Current page contains text 'ชื่อผู้ใช้ หรือ อีเมล'.</msg>
<arg>ชื่อผู้ใช้ หรือ อีเมล</arg>
<doc>Verifies that current page contains ``text``.</doc>
<status status="PASS" start="2026-02-17T22:17:10.336678" elapsed="0.014668"/>
</kw>
<kw name="Input Text" owner="SeleniumLibrary">
<msg time="2026-02-17T22:17:10.351963" level="INFO">Typing text 'admin123' into text field 'id=identifier'.</msg>
<arg>id=identifier</arg>
<arg>${DNAME}</arg>
<doc>Types the given ``text`` into the text field identified by ``locator``.</doc>
<status status="PASS" start="2026-02-17T22:17:10.351716" elapsed="0.067276"/>
</kw>
<kw name="Input Text" owner="SeleniumLibrary">
<msg time="2026-02-17T22:17:10.419884" level="INFO">Typing text '123456789' into text field 'id=password'.</msg>
<arg>id=password</arg>
<arg>${DPASS}</arg>
<doc>Types the given ``text`` into the text field identified by ``locator``.</doc>
<status status="PASS" start="2026-02-17T22:17:10.419508" elapsed="0.051161"/>
</kw>
<kw name="Click Element" owner="SeleniumLibrary">
<msg time="2026-02-17T22:17:10.471888" level="INFO">Clicking element 'css=button[type="submit"]'.</msg>
<arg>css=button[type="submit"]</arg>
<doc>Click the element identified by ``locator``.</doc>
<status status="PASS" start="2026-02-17T22:17:10.471342" elapsed="0.040056"/>
</kw>
<kw name="Wait Until Page Does Not Contain Element" owner="SeleniumLibrary">
<arg>css=a[href="/login"]</arg>
<arg>10s</arg>
<doc>Waits until the element ``locator`` disappears from the current page.</doc>
<status status="PASS" start="2026-02-17T22:17:10.511774" elapsed="1.457764"/>
</kw>
<kw name="Mouse Over" owner="SeleniumLibrary">
<msg time="2026-02-17T22:17:11.970031" level="INFO">Simulating Mouse Over on element 'css=a[href="/myTrip"]'.</msg>
<arg>css=a[href="/myTrip"]</arg>
<doc>Simulates hovering the mouse over the element ``locator``.</doc>
<status status="PASS" start="2026-02-17T22:17:11.969834" elapsed="0.272136"/>
</kw>
<kw name="Wait Until Element Is Visible" owner="SeleniumLibrary">
<arg>css=a[href="/myRoute"]</arg>
<doc>Waits until the element ``locator`` is visible.</doc>
<status status="PASS" start="2026-02-17T22:17:12.242439" elapsed="0.014011"/>
</kw>
<kw name="Click Element" owner="SeleniumLibrary">
<msg time="2026-02-17T22:17:12.256965" level="INFO">Clicking element 'css=a[href="/myRoute"]'.</msg>
<arg>css=a[href="/myRoute"]</arg>
<doc>Click the element identified by ``locator``.</doc>
<status status="PASS" start="2026-02-17T22:17:12.256762" elapsed="0.041439"/>
</kw>
<kw name="Wait Until Location Contains" owner="SeleniumLibrary">
<arg>myRoute</arg>
<arg>10s</arg>
<doc>Waits until the current URL contains ``expected``.</doc>
<status status="PASS" start="2026-02-17T22:17:12.298601" elapsed="0.210235"/>
</kw>
<kw name="Location Should Contain" owner="SeleniumLibrary">
<msg time="2026-02-17T22:17:12.512467" level="INFO">Current location contains 'myRoute'.</msg>
<arg>myRoute</arg>
<doc>Verifies that the current URL contains ``expected``.</doc>
<status status="PASS" start="2026-02-17T22:17:12.509172" elapsed="0.003420"/>
</kw>
<kw name="Click Element" owner="SeleniumLibrary">
<msg time="2026-02-17T22:17:12.513294" level="INFO">Clicking element 'xpath=//button[contains(.,'ยืนยันแล้ว')]'.</msg>
<arg>xpath=//button[contains(.,'ยืนยันแล้ว')]</arg>
<doc>Click the element identified by ``locator``.</doc>
<status status="PASS" start="2026-02-17T22:17:12.513029" elapsed="0.040125"/>
</kw>
<kw name="Wait Until Element Is Visible" owner="SeleniumLibrary">
<arg>xpath=//button[contains(.,'สิ้นสุดการเดินทาง')]</arg>
<doc>Waits until the element ``locator`` is visible.</doc>
<status status="PASS" start="2026-02-17T22:17:12.553523" elapsed="0.856455"/>
</kw>
<kw name="Sleep" owner="BuiltIn">
<msg time="2026-02-17T22:17:18.410885" level="INFO">Slept 5 seconds.</msg>
<arg>5 seconds</arg>
<doc>Pauses the test executed for the given time.</doc>
<status status="PASS" start="2026-02-17T22:17:13.410361" elapsed="5.000658"/>
</kw>
<kw name="Click Element" owner="SeleniumLibrary">
<msg time="2026-02-17T22:17:18.411706" level="INFO">Clicking element 'xpath=//button[contains(.,'สิ้นสุดการเดินทาง')]'.</msg>
<arg>xpath=//button[contains(.,'สิ้นสุดการเดินทาง')]</arg>
<doc>Click the element identified by ``locator``.</doc>
<status status="PASS" start="2026-02-17T22:17:18.411498" elapsed="0.063267"/>
</kw>
<kw name="Wait Until Element Is Visible" owner="SeleniumLibrary">
<arg>xpath=//button[contains(.,'ใช่! สิ้นสุดการเดินทาง')]</arg>
<doc>Waits until the element ``locator`` is visible.</doc>
<status status="PASS" start="2026-02-17T22:17:18.475316" elapsed="0.021206"/>
</kw>
<kw name="Click Element" owner="SeleniumLibrary">
<msg time="2026-02-17T22:17:18.497240" level="INFO">Clicking element 'xpath=//button[contains(.,'ใช่! สิ้นสุดการเดินทาง')]'.</msg>
<arg>xpath=//button[contains(.,'ใช่! สิ้นสุดการเดินทาง')]</arg>
<doc>Click the element identified by ``locator``.</doc>
<status status="PASS" start="2026-02-17T22:17:18.496890" elapsed="0.089305"/>
</kw>
<kw name="Mouse Over" owner="SeleniumLibrary">
<msg time="2026-02-17T22:17:18.586945" level="INFO">Simulating Mouse Over on element 'xpath=//div[contains(@class,'hover:bg-blue-50')]'.</msg>
<arg>xpath=//div[contains(@class,'hover:bg-blue-50')]</arg>
<doc>Simulates hovering the mouse over the element ``locator``.</doc>
<status status="PASS" start="2026-02-17T22:17:18.586636" elapsed="0.298483"/>
</kw>
<kw name="Wait Until Element Is Visible" owner="SeleniumLibrary">
<arg>xpath=//button[contains(.,'Logout')]</arg>
<doc>Waits until the element ``locator`` is visible.</doc>
<status status="PASS" start="2026-02-17T22:17:18.885610" elapsed="1.511360"/>
</kw>
<kw name="Click Button" owner="SeleniumLibrary">
<msg time="2026-02-17T22:17:20.397462" level="INFO">Clicking button 'Logout'.</msg>
<arg>Logout</arg>
<doc>Clicks the button identified by ``locator``.</doc>
<status status="PASS" start="2026-02-17T22:17:20.397270" elapsed="0.064721"/>
</kw>
<kw name="Capture Page Screenshot" owner="SeleniumLibrary">
<msg time="2026-02-17T22:17:20.662250" level="INFO" html="true">&lt;/td&gt;&lt;/tr&gt;&lt;tr&gt;&lt;td colspan="3"&gt;&lt;a href="selenium-screenshot-1.png"&gt;&lt;img src="selenium-screenshot-1.png" width="800px"&gt;&lt;/a&gt;</msg>
<doc>Takes a screenshot of the current page and embeds it into a log file.</doc>
<status status="PASS" start="2026-02-17T22:17:20.463008" elapsed="0.199369"/>
</kw>
<kw name="Click Element" owner="SeleniumLibrary">
<msg time="2026-02-17T22:17:20.662943" level="INFO">Clicking element 'css=a[href="/login"]'.</msg>
<arg>css=a[href="/login"]</arg>
<doc>Click the element identified by ``locator``.</doc>
<status status="PASS" start="2026-02-17T22:17:20.662724" elapsed="0.054043"/>
</kw>
<kw name="Sleep" owner="BuiltIn">
<msg time="2026-02-17T22:17:21.018330" level="INFO">Slept 300 milliseconds.</msg>
<arg>0.3 seconds</arg>
<doc>Pauses the test executed for the given time.</doc>
<status status="PASS" start="2026-02-17T22:17:20.717288" elapsed="0.301225"/>
</kw>
<kw name="Page Should Contain" owner="SeleniumLibrary">
<msg time="2026-02-17T22:17:21.029321" level="INFO">Current page contains text 'ชื่อผู้ใช้ หรือ อีเมล'.</msg>
<arg>ชื่อผู้ใช้ หรือ อีเมล</arg>
<doc>Verifies that current page contains ``text``.</doc>
<status status="PASS" start="2026-02-17T22:17:21.018930" elapsed="0.010508"/>
</kw>
<kw name="Input Text" owner="SeleniumLibrary">
<msg time="2026-02-17T22:17:21.030004" level="INFO">Typing text 'somyod123' into text field 'id=identifier'.</msg>
<arg>id=identifier</arg>
<arg>${PNAME}</arg>
<doc>Types the given ``text`` into the text field identified by ``locator``.</doc>
<status status="PASS" start="2026-02-17T22:17:21.029739" elapsed="0.052626"/>
</kw>
<kw name="Input Text" owner="SeleniumLibrary">
<msg time="2026-02-17T22:17:21.083019" level="INFO">Typing text 'Somyod123' into text field 'id=password'.</msg>
<arg>id=password</arg>
<arg>${PPASS}</arg>
<doc>Types the given ``text`` into the text field identified by ``locator``.</doc>
<status status="PASS" start="2026-02-17T22:17:21.082728" elapsed="0.044992"/>
</kw>
<kw name="Click Element" owner="SeleniumLibrary">
<msg time="2026-02-17T22:17:21.128382" level="INFO">Clicking element 'css=button[type="submit"]'.</msg>
<arg>css=button[type="submit"]</arg>
<doc>Click the element identified by ``locator``.</doc>
<status status="PASS" start="2026-02-17T22:17:21.128155" elapsed="0.032608"/>
</kw>
<kw name="Wait Until Page Does Not Contain Element" owner="SeleniumLibrary">
<arg>css=a[href="/login"]</arg>
<arg>10s</arg>
<doc>Waits until the element ``locator`` disappears from the current page.</doc>
<status status="PASS" start="2026-02-17T22:17:21.161160" elapsed="0.419663"/>
</kw>
<kw name="Click Element" owner="SeleniumLibrary">
<msg time="2026-02-17T22:17:21.581398" level="INFO">Clicking element 'css=a[href="/myTrip"]'.</msg>
<arg>css=a[href="/myTrip"]</arg>
<doc>Click the element identified by ``locator``.</doc>
<status status="PASS" start="2026-02-17T22:17:21.581201" elapsed="0.042228"/>
</kw>
<kw name="Wait Until Location Contains" owner="SeleniumLibrary">
<arg>myTrip</arg>
<arg>10s</arg>
<doc>Waits until the current URL contains ``expected``.</doc>
<status status="PASS" start="2026-02-17T22:17:21.623876" elapsed="0.208506"/>
</kw>
<kw name="Location Should Contain" owner="SeleniumLibrary">
<msg time="2026-02-17T22:17:21.835196" level="INFO">Current location contains 'myTrip'.</msg>
<arg>myTrip</arg>
<doc>Verifies that the current URL contains ``expected``.</doc>
<status status="PASS" start="2026-02-17T22:17:21.832684" elapsed="0.002622"/>
</kw>
<kw name="Click Element" owner="SeleniumLibrary">
<msg time="2026-02-17T22:17:21.835818" level="INFO">Clicking element 'xpath=//button[contains(.,'ยืนยันแล้ว')]'.</msg>
<arg>xpath=//button[contains(.,'ยืนยันแล้ว')]</arg>
<doc>Click the element identified by ``locator``.</doc>
<status status="PASS" start="2026-02-17T22:17:21.835552" elapsed="0.039263"/>
</kw>
<kw name="Wait Until Element Is Visible" owner="SeleniumLibrary">
<arg>xpath=//button[contains(.,'สิ้นสุดการเดินทาง')]</arg>
<doc>Waits until the element ``locator`` is visible.</doc>
<status status="PASS" start="2026-02-17T22:17:21.875119" elapsed="0.639048"/>
</kw>
<kw name="Click Element" owner="SeleniumLibrary">
<msg time="2026-02-17T22:17:22.514706" level="INFO">Clicking element 'xpath=//button[contains(.,'สิ้นสุดการเดินทาง')]'.</msg>
<arg>xpath=//button[contains(.,'สิ้นสุดการเดินทาง')]</arg>
<doc>Click the element identified by ``locator``.</doc>
<status status="PASS" start="2026-02-17T22:17:22.514503" elapsed="0.062896"/>
</kw>
<kw name="Click Element" owner="SeleniumLibrary">
<msg time="2026-02-17T22:17:22.577914" level="INFO">Clicking element 'xpath=//button[contains(.,'ใช่! สิ้นสุดการเดินทาง')]'.</msg>
<arg>xpath=//button[contains(.,'ใช่! สิ้นสุดการเดินทาง')]</arg>
<doc>Click the element identified by ``locator``.</doc>
<status status="PASS" start="2026-02-17T22:17:22.577712" elapsed="0.156229"/>
</kw>
<kw name="Capture Page Screenshot" owner="SeleniumLibrary">
<msg time="2026-02-17T22:17:22.882027" level="INFO" html="true">&lt;/td&gt;&lt;/tr&gt;&lt;tr&gt;&lt;td colspan="3"&gt;&lt;a href="selenium-screenshot-2.png"&gt;&lt;img src="selenium-screenshot-2.png" width="800px"&gt;&lt;/a&gt;</msg>
<doc>Takes a screenshot of the current page and embeds it into a log file.</doc>
<status status="PASS" start="2026-02-17T22:17:22.735284" elapsed="0.147151"/>
</kw>
<kw name="Mouse Over" owner="SeleniumLibrary">
<msg time="2026-02-17T22:17:22.883623" level="INFO">Simulating Mouse Over on element 'xpath=//div[contains(@class,'hover:bg-blue-50')]'.</msg>
<arg>xpath=//div[contains(@class,'hover:bg-blue-50')]</arg>
<doc>Simulates hovering the mouse over the element ``locator``.</doc>
<status status="PASS" start="2026-02-17T22:17:22.883351" elapsed="0.314967"/>
</kw>
<kw name="Wait Until Element Is Visible" owner="SeleniumLibrary">
<arg>xpath=//button[contains(.,'Logout')]</arg>
<doc>Waits until the element ``locator`` is visible.</doc>
<status status="PASS" start="2026-02-17T22:17:23.199002" elapsed="0.441018"/>
</kw>
<kw name="Click Button" owner="SeleniumLibrary">
<msg time="2026-02-17T22:17:23.640482" level="INFO">Clicking button 'Logout'.</msg>
<arg>Logout</arg>
<doc>Clicks the button identified by ``locator``.</doc>
<status status="PASS" start="2026-02-17T22:17:23.640299" elapsed="0.047682"/>
</kw>
<kw name="Click Element" owner="SeleniumLibrary">
<msg time="2026-02-17T22:17:23.688523" level="INFO">Clicking element 'css=a[href="/login"]'.</msg>
<arg>css=a[href="/login"]</arg>
<doc>Click the element identified by ``locator``.</doc>
<status status="PASS" start="2026-02-17T22:17:23.688309" elapsed="0.069692"/>
</kw>
<kw name="Sleep" owner="BuiltIn">
<msg time="2026-02-17T22:17:24.058960" level="INFO">Slept 300 milliseconds.</msg>
<arg>0.3 seconds</arg>
<doc>Pauses the test executed for the given time.</doc>
<status status="PASS" start="2026-02-17T22:17:23.758334" elapsed="0.300746"/>
</kw>
<kw name="Page Should Contain" owner="SeleniumLibrary">
<msg time="2026-02-17T22:17:24.069842" level="INFO">Current page contains text 'ชื่อผู้ใช้ หรือ อีเมล'.</msg>
<arg>ชื่อผู้ใช้ หรือ อีเมล</arg>
<doc>Verifies that current page contains ``text``.</doc>
<status status="PASS" start="2026-02-17T22:17:24.059515" elapsed="0.010414"/>
</kw>
<kw name="Input Text" owner="SeleniumLibrary">
<msg time="2026-02-17T22:17:24.070418" level="INFO">Typing text 'somyod123' into text field 'id=identifier'.</msg>
<arg>id=identifier</arg>
<arg>${PNAME}</arg>
<doc>Types the given ``text`` into the text field identified by ``locator``.</doc>
<status status="PASS" start="2026-02-17T22:17:24.070197" elapsed="0.045568"/>
</kw>
<kw name="Input Text" owner="SeleniumLibrary">
<msg time="2026-02-17T22:17:24.116281" level="INFO">Typing text 'Somyod123' into text field 'id=password'.</msg>
<arg>id=password</arg>
<arg>${PPASS}</arg>
<doc>Types the given ``text`` into the text field identified by ``locator``.</doc>
<status status="PASS" start="2026-02-17T22:17:24.116050" elapsed="0.045032"/>
</kw>
<kw name="Click Element" owner="SeleniumLibrary">
<msg time="2026-02-17T22:17:24.161615" level="INFO">Clicking element 'css=button[type="submit"]'.</msg>
<arg>css=button[type="submit"]</arg>
<doc>Click the element identified by ``locator``.</doc>
<status status="PASS" start="2026-02-17T22:17:24.161389" elapsed="0.033727"/>
</kw>
<kw name="Wait Until Page Does Not Contain Element" owner="SeleniumLibrary">
<arg>css=a[href="/login"]</arg>
<arg>10s</arg>
<doc>Waits until the element ``locator`` disappears from the current page.</doc>
<status status="PASS" start="2026-02-17T22:17:24.195601" elapsed="0.419446"/>
</kw>
<kw name="Click Element" owner="SeleniumLibrary">
<msg time="2026-02-17T22:17:24.615563" level="INFO">Clicking element 'css=a[href="/myTrip"]'.</msg>
<arg>css=a[href="/myTrip"]</arg>
<doc>Click the element identified by ``locator``.</doc>
<status status="PASS" start="2026-02-17T22:17:24.615358" elapsed="0.042569"/>
</kw>
<kw name="Wait Until Location Contains" owner="SeleniumLibrary">
<arg>myTrip</arg>
<arg>10s</arg>
<doc>Waits until the current URL contains ``expected``.</doc>
<status status="PASS" start="2026-02-17T22:17:24.658268" elapsed="0.208741"/>
</kw>
<kw name="Location Should Contain" owner="SeleniumLibrary">
<msg time="2026-02-17T22:17:24.869757" level="INFO">Current location contains 'myTrip'.</msg>
<arg>myTrip</arg>
<doc>Verifies that the current URL contains ``expected``.</doc>
<status status="PASS" start="2026-02-17T22:17:24.867310" elapsed="0.002517"/>
</kw>
<kw name="Click Element" owner="SeleniumLibrary">
<msg time="2026-02-17T22:17:24.870251" level="INFO">Clicking element 'xpath=//button[contains(.,'การเดินทางเสร็จสิ้น')]'.</msg>
<arg>xpath=//button[contains(.,'การเดินทางเสร็จสิ้น')]</arg>
<doc>Click the element identified by ``locator``.</doc>
<status status="PASS" start="2026-02-17T22:17:24.870056" elapsed="0.058004"/>
</kw>
<kw name="Wait Until Element Is Visible" owner="SeleniumLibrary">
<arg>xpath=//button[contains(.,'รีวิวการเดินทาง')]</arg>
<doc>Waits until the element ``locator`` is visible.</doc>
<status status="PASS" start="2026-02-17T22:17:24.928446" elapsed="0.017735"/>
</kw>
<kw name="Click Element" owner="SeleniumLibrary">
<msg time="2026-02-17T22:17:24.946958" level="INFO">Clicking element 'xpath=//button[contains(.,'รีวิวการเดินทาง')]'.</msg>
<arg>xpath=//button[contains(.,'รีวิวการเดินทาง')]</arg>
<doc>Click the element identified by ``locator``.</doc>
<status status="PASS" start="2026-02-17T22:17:24.946533" elapsed="0.095627"/>
</kw>
<kw name="Execute Javascript" owner="SeleniumLibrary">
<msg time="2026-02-17T22:17:25.043074" level="INFO">Executing JavaScript:
document.evaluate("(//span[contains(@class,'cursor-pointer')])[2]",document, null, XPathResult.FIRST_ORDERED_NODE_TYPE, null).singleNodeValue.click();
Without any arguments.</msg>
<arg>document.evaluate("(//span[contains(@class,'cursor-pointer')])[2]",</arg>
<arg>document, null, XPathResult.FIRST_ORDERED_NODE_TYPE, null)</arg>
<arg>.singleNodeValue.click();</arg>
<doc>Executes the given JavaScript code with possible arguments.</doc>
<status status="PASS" start="2026-02-17T22:17:25.042597" elapsed="0.017328"/>
</kw>
<kw name="Execute Javascript" owner="SeleniumLibrary">
<msg time="2026-02-17T22:17:25.061092" level="INFO">Executing JavaScript:
document.evaluate("//button[normalize-space()='ส่งรีวิว']",document, null, XPathResult.FIRST_ORDERED_NODE_TYPE, null).singleNodeValue.click();
Without any arguments.</msg>
<arg>document.evaluate("//button[normalize-space()='ส่งรีวิว']",</arg>
<arg>document, null, XPathResult.FIRST_ORDERED_NODE_TYPE, null)</arg>
<arg>.singleNodeValue.click();</arg>
<doc>Executes the given JavaScript code with possible arguments.</doc>
<status status="PASS" start="2026-02-17T22:17:25.060578" elapsed="0.115525"/>
</kw>
<kw name="Capture Page Screenshot" owner="SeleniumLibrary">
<msg time="2026-02-17T22:17:25.486032" level="INFO" html="true">&lt;/td&gt;&lt;/tr&gt;&lt;tr&gt;&lt;td colspan="3"&gt;&lt;a href="selenium-screenshot-3.png"&gt;&lt;img src="selenium-screenshot-3.png" width="800px"&gt;&lt;/a&gt;</msg>
<doc>Takes a screenshot of the current page and embeds it into a log file.</doc>
<status status="PASS" start="2026-02-17T22:17:25.177604" elapsed="0.308534"/>
</kw>
<kw name="Close Browser" owner="SeleniumLibrary">
<doc>Closes the current browser.</doc>
<status status="PASS" start="2026-02-17T22:17:25.486492" elapsed="2.203630"/>
</kw>
<status status="PASS" start="2026-02-17T22:17:07.496008" elapsed="20.194511"/>
</test>
<status status="PASS" start="2026-02-17T22:17:07.314396" elapsed="20.377168"/>
</suite>
<statistics>
<total>
<stat pass="1" fail="0" skip="0">All Tests</stat>
</total>
<tag>
</tag>
<suite>
<stat name="Test4" id="s1" pass="1" fail="0" skip="0">Test4</stat>
</suite>
</statistics>
<errors>
</errors>
</robot>
